running egg_info
creating ../../build/serial_manipulator/serial_manipulator.egg-info
writing ../../build/serial_manipulator/serial_manipulator.egg-info/PKG-INFO
writing dependency_links to ../../build/serial_manipulator/serial_manipulator.egg-info/dependency_links.txt
writing entry points to ../../build/serial_manipulator/serial_manipulator.egg-info/entry_points.txt
writing requirements to ../../build/serial_manipulator/serial_manipulator.egg-info/requires.txt
writing top-level names to ../../build/serial_manipulator/serial_manipulator.egg-info/top_level.txt
writing manifest file '../../build/serial_manipulator/serial_manipulator.egg-info/SOURCES.txt'
reading manifest file '../../build/serial_manipulator/serial_manipulator.egg-info/SOURCES.txt'
adding license file 'LICENSE'
writing manifest file '../../build/serial_manipulator/serial_manipulator.egg-info/SOURCES.txt'
running build
running build_py
creating /home/lpm/ros2_kinematics/build/serial_manipulator/build
creating /home/lpm/ros2_kinematics/build/serial_manipulator/build/lib
creating /home/lpm/ros2_kinematics/build/serial_manipulator/build/lib/serial_manipulator
copying serial_manipulator/__init__.py -> /home/lpm/ros2_kinematics/build/serial_manipulator/build/lib/serial_manipulator
copying serial_manipulator/rr_manipulator.py -> /home/lpm/ros2_kinematics/build/serial_manipulator/build/lib/serial_manipulator
running install
running install_lib
creating /home/lpm/ros2_kinematics/install/serial_manipulator/lib/python3.10/site-packages/serial_manipulator
copying /home/lpm/ros2_kinematics/build/serial_manipulator/build/lib/serial_manipulator/__init__.py -> /home/lpm/ros2_kinematics/install/serial_manipulator/lib/python3.10/site-packages/serial_manipulator
copying /home/lpm/ros2_kinematics/build/serial_manipulator/build/lib/serial_manipulator/rr_manipulator.py -> /home/lpm/ros2_kinematics/install/serial_manipulator/lib/python3.10/site-packages/serial_manipulator
byte-compiling /home/lpm/ros2_kinematics/install/serial_manipulator/lib/python3.10/site-packages/serial_manipulator/__init__.py to __init__.cpython-310.pyc
byte-compiling /home/lpm/ros2_kinematics/install/serial_manipulator/lib/python3.10/site-packages/serial_manipulator/rr_manipulator.py to rr_manipulator.cpython-310.pyc
running install_data
creating /home/lpm/ros2_kinematics/install/serial_manipulator/share/ament_index
creating /home/lpm/ros2_kinematics/install/serial_manipulator/share/ament_index/resource_index
creating /home/lpm/ros2_kinematics/install/serial_manipulator/share/ament_index/resource_index/packages
copying resource/serial_manipulator -> /home/lpm/ros2_kinematics/install/serial_manipulator/share/ament_index/resource_index/packages
copying package.xml -> /home/lpm/ros2_kinematics/install/serial_manipulator/share/serial_manipulator
running install_egg_info
Copying ../../build/serial_manipulator/serial_manipulator.egg-info to /home/lpm/ros2_kinematics/install/serial_manipulator/lib/python3.10/site-packages/serial_manipulator-0.0.0-py3.10.egg-info
running install_scripts
Installing rr_manipulator script to /home/lpm/ros2_kinematics/install/serial_manipulator/lib/serial_manipulator
writing list of installed files to '/home/lpm/ros2_kinematics/build/serial_manipulator/install.log'
