[0.693s] DEBUG:colcon:Command line arguments: ['/usr/bin/colcon', 'list', '-p', '--base-paths', '/home/lpm/ros2_kinematics']
[0.693s] DEBUG:colcon:Parsed command line arguments: Namespace(log_base=None, log_level=None, verb_name='list', build_base='build', ignore_user_meta=False, metas=['./colcon.meta'], base_paths=['/home/lpm/ros2_kinematics'], packages_ignore=None, packages_ignore_regex=None, paths=None, packages_up_to=None, packages_up_to_regex=None, packages_above=None, packages_above_and_dependencies=None, packages_above_depth=None, packages_select_by_dep=None, packages_skip_by_dep=None, packages_skip_up_to=None, packages_select_build_failed=False, packages_skip_build_finished=False, packages_select_test_failures=False, packages_skip_test_passed=False, packages_select=None, packages_skip=None, packages_select_regex=None, packages_skip_regex=None, packages_start=None, packages_end=None, allow_overriding=[], topological_order=False, names_only=False, paths_only=True, topological_graph=False, topological_graph_dot=False, topological_graph_density=False, topological_graph_legend=False, topological_graph_dot_cluster=False, topological_graph_dot_include_skipped=False, mixin_files=None, mixin=None, verb_parser=<colcon_mixin.mixin.mixin_argument.MixinArgumentDecorator object at 0x7931dee198a0>, verb_extension=<colcon_package_information.verb.list.ListVerb object at 0x7931dee18670>, main=<bound method ListVerb.main of <colcon_package_information.verb.list.ListVerb object at 0x7931dee18670>>, mixin_verb=('list',))
[2.509s] Level 1:colcon.colcon_core.package_discovery:discover_packages(colcon_meta) check parameters
[2.510s] Level 1:colcon.colcon_core.package_discovery:discover_packages(recursive) check parameters
[2.510s] Level 1:colcon.colcon_core.package_discovery:discover_packages(ignore) check parameters
[2.510s] Level 1:colcon.colcon_core.package_discovery:discover_packages(path) check parameters
[2.510s] Level 1:colcon.colcon_core.package_discovery:discover_packages(recursive) discover
[2.510s] INFO:colcon.colcon_core.package_discovery:Crawling recursively for packages in '/home/lpm/ros2_kinematics'
[2.510s] Level 1:colcon.colcon_core.package_identification:_identify(/home/lpm/ros2_kinematics) by extensions ['ignore', 'ignore_ament_install']
[2.511s] Level 1:colcon.colcon_core.package_identification:_identify(/home/lpm/ros2_kinematics) by extension 'ignore'
[2.511s] Level 1:colcon.colcon_core.package_identification:_identify(/home/lpm/ros2_kinematics) by extension 'ignore_ament_install'
[2.511s] Level 1:colcon.colcon_core.package_identification:_identify(/home/lpm/ros2_kinematics) by extensions ['colcon_pkg']
[2.511s] Level 1:colcon.colcon_core.package_identification:_identify(/home/lpm/ros2_kinematics) by extension 'colcon_pkg'
[2.511s] Level 1:colcon.colcon_core.package_identification:_identify(/home/lpm/ros2_kinematics) by extensions ['colcon_meta']
[2.511s] Level 1:colcon.colcon_core.package_identification:_identify(/home/lpm/ros2_kinematics) by extension 'colcon_meta'
[2.512s] Level 1:colcon.colcon_core.package_identification:_identify(/home/lpm/ros2_kinematics) by extensions ['ros']
[2.512s] Level 1:colcon.colcon_core.package_identification:_identify(/home/lpm/ros2_kinematics) by extension 'ros'
[2.547s] Level 1:colcon.colcon_core.package_identification:_identify(/home/lpm/ros2_kinematics) by extensions ['cmake', 'python']
[2.547s] Level 1:colcon.colcon_core.package_identification:_identify(/home/lpm/ros2_kinematics) by extension 'cmake'
[2.548s] Level 1:colcon.colcon_core.package_identification:_identify(/home/lpm/ros2_kinematics) by extension 'python'
[2.548s] Level 1:colcon.colcon_core.package_identification:_identify(/home/lpm/ros2_kinematics) by extensions ['python_setup_py']
[2.548s] Level 1:colcon.colcon_core.package_identification:_identify(/home/lpm/ros2_kinematics) by extension 'python_setup_py'
[2.548s] Level 1:colcon.colcon_core.package_identification:_identify(/home/lpm/ros2_kinematics/build) by extensions ['ignore', 'ignore_ament_install']
[2.549s] Level 1:colcon.colcon_core.package_identification:_identify(/home/lpm/ros2_kinematics/build) by extension 'ignore'
[2.549s] Level 1:colcon.colcon_core.package_identification:_identify(/home/lpm/ros2_kinematics/build) ignored
[2.549s] Level 1:colcon.colcon_core.package_identification:_identify(/home/lpm/ros2_kinematics/install) by extensions ['ignore', 'ignore_ament_install']
[2.550s] Level 1:colcon.colcon_core.package_identification:_identify(/home/lpm/ros2_kinematics/install) by extension 'ignore'
[2.550s] Level 1:colcon.colcon_core.package_identification:_identify(/home/lpm/ros2_kinematics/install) ignored
[2.550s] Level 1:colcon.colcon_core.package_identification:_identify(/home/lpm/ros2_kinematics/log) by extensions ['ignore', 'ignore_ament_install']
[2.550s] Level 1:colcon.colcon_core.package_identification:_identify(/home/lpm/ros2_kinematics/log) by extension 'ignore'
[2.550s] Level 1:colcon.colcon_core.package_identification:_identify(/home/lpm/ros2_kinematics/log) ignored
[2.551s] Level 1:colcon.colcon_core.package_identification:_identify(/home/lpm/ros2_kinematics/src) by extensions ['ignore', 'ignore_ament_install']
[2.551s] Level 1:colcon.colcon_core.package_identification:_identify(/home/lpm/ros2_kinematics/src) by extension 'ignore'
[2.551s] Level 1:colcon.colcon_core.package_identification:_identify(/home/lpm/ros2_kinematics/src) by extension 'ignore_ament_install'
[2.551s] Level 1:colcon.colcon_core.package_identification:_identify(/home/lpm/ros2_kinematics/src) by extensions ['colcon_pkg']
[2.551s] Level 1:colcon.colcon_core.package_identification:_identify(/home/lpm/ros2_kinematics/src) by extension 'colcon_pkg'
[2.552s] Level 1:colcon.colcon_core.package_identification:_identify(/home/lpm/ros2_kinematics/src) by extensions ['colcon_meta']
[2.552s] Level 1:colcon.colcon_core.package_identification:_identify(/home/lpm/ros2_kinematics/src) by extension 'colcon_meta'
[2.552s] Level 1:colcon.colcon_core.package_identification:_identify(/home/lpm/ros2_kinematics/src) by extensions ['ros']
[2.552s] Level 1:colcon.colcon_core.package_identification:_identify(/home/lpm/ros2_kinematics/src) by extension 'ros'
[2.552s] Level 1:colcon.colcon_core.package_identification:_identify(/home/lpm/ros2_kinematics/src) by extensions ['cmake', 'python']
[2.552s] Level 1:colcon.colcon_core.package_identification:_identify(/home/lpm/ros2_kinematics/src) by extension 'cmake'
[2.552s] Level 1:colcon.colcon_core.package_identification:_identify(/home/lpm/ros2_kinematics/src) by extension 'python'
[2.553s] Level 1:colcon.colcon_core.package_identification:_identify(/home/lpm/ros2_kinematics/src) by extensions ['python_setup_py']
[2.553s] Level 1:colcon.colcon_core.package_identification:_identify(/home/lpm/ros2_kinematics/src) by extension 'python_setup_py'
[2.553s] Level 1:colcon.colcon_core.package_identification:_identify(/home/lpm/ros2_kinematics/src/serial_manipulator) by extensions ['ignore', 'ignore_ament_install']
[2.553s] Level 1:colcon.colcon_core.package_identification:_identify(/home/lpm/ros2_kinematics/src/serial_manipulator) by extension 'ignore'
[2.554s] Level 1:colcon.colcon_core.package_identification:_identify(/home/lpm/ros2_kinematics/src/serial_manipulator) by extension 'ignore_ament_install'
[2.554s] Level 1:colcon.colcon_core.package_identification:_identify(/home/lpm/ros2_kinematics/src/serial_manipulator) by extensions ['colcon_pkg']
[2.554s] Level 1:colcon.colcon_core.package_identification:_identify(/home/lpm/ros2_kinematics/src/serial_manipulator) by extension 'colcon_pkg'
[2.554s] Level 1:colcon.colcon_core.package_identification:_identify(/home/lpm/ros2_kinematics/src/serial_manipulator) by extensions ['colcon_meta']
[2.554s] Level 1:colcon.colcon_core.package_identification:_identify(/home/lpm/ros2_kinematics/src/serial_manipulator) by extension 'colcon_meta'
[2.554s] Level 1:colcon.colcon_core.package_identification:_identify(/home/lpm/ros2_kinematics/src/serial_manipulator) by extensions ['ros']
[2.554s] Level 1:colcon.colcon_core.package_identification:_identify(/home/lpm/ros2_kinematics/src/serial_manipulator) by extension 'ros'
[2.575s] DEBUG:colcon.colcon_core.package_identification:Package '/home/lpm/ros2_kinematics/src/serial_manipulator' with type 'ros.ament_python' and name 'serial_manipulator'
[2.575s] Level 1:colcon.colcon_core.package_discovery:discover_packages(recursive) using defaults
