[1.724s] Invoking command in '/home/lpm/ros2_kinematics/src/serial_manipulator': PYTHONPATH=/home/lpm/ros2_kinematics/build/serial_manipulator/prefix_override:/home/lpm/ros2_kinematics/install/serial_manipulator/lib/python3.10/site-packages:${PYTHONPATH} /usr/bin/python3 -W ignore:setup.py install is deprecated setup.py egg_info --egg-base ../../build/serial_manipulator build --build-base /home/lpm/ros2_kinematics/build/serial_manipulator/build install --record /home/lpm/ros2_kinematics/build/serial_manipulator/install.log --single-version-externally-managed install_data
[2.512s] running egg_info
[2.513s] writing ../../build/serial_manipulator/serial_manipulator.egg-info/PKG-INFO
[2.514s] writing dependency_links to ../../build/serial_manipulator/serial_manipulator.egg-info/dependency_links.txt
[2.514s] writing entry points to ../../build/serial_manipulator/serial_manipulator.egg-info/entry_points.txt
[2.515s] writing requirements to ../../build/serial_manipulator/serial_manipulator.egg-info/requires.txt
[2.515s] writing top-level names to ../../build/serial_manipulator/serial_manipulator.egg-info/top_level.txt
[2.520s] reading manifest file '../../build/serial_manipulator/serial_manipulator.egg-info/SOURCES.txt'
[2.520s] adding license file 'LICENSE'
[2.522s] writing manifest file '../../build/serial_manipulator/serial_manipulator.egg-info/SOURCES.txt'
[2.523s] running build
[2.523s] running build_py
[2.523s] copying serial_manipulator/rr_manipulator.py -> /home/lpm/ros2_kinematics/build/serial_manipulator/build/lib/serial_manipulator
[2.524s] running install
[2.525s] running install_lib
[2.526s] copying /home/lpm/ros2_kinematics/build/serial_manipulator/build/lib/serial_manipulator/rr_manipulator.py -> /home/lpm/ros2_kinematics/install/serial_manipulator/lib/python3.10/site-packages/serial_manipulator
[2.529s] byte-compiling /home/lpm/ros2_kinematics/install/serial_manipulator/lib/python3.10/site-packages/serial_manipulator/rr_manipulator.py to rr_manipulator.cpython-310.pyc
[2.531s] running install_data
[2.531s] running install_egg_info
[2.536s] removing '/home/lpm/ros2_kinematics/install/serial_manipulator/lib/python3.10/site-packages/serial_manipulator-0.0.0-py3.10.egg-info' (and everything under it)
[2.536s] Copying ../../build/serial_manipulator/serial_manipulator.egg-info to /home/lpm/ros2_kinematics/install/serial_manipulator/lib/python3.10/site-packages/serial_manipulator-0.0.0-py3.10.egg-info
[2.538s] running install_scripts
[2.588s] Installing rr_manipulator script to /home/lpm/ros2_kinematics/install/serial_manipulator/lib/serial_manipulator
[2.589s] writing list of installed files to '/home/lpm/ros2_kinematics/build/serial_manipulator/install.log'
[2.636s] Invoked command in '/home/lpm/ros2_kinematics/src/serial_manipulator' returned '0': PYTHONPATH=/home/lpm/ros2_kinematics/build/serial_manipulator/prefix_override:/home/lpm/ros2_kinematics/install/serial_manipulator/lib/python3.10/site-packages:${PYTHONPATH} /usr/bin/python3 -W ignore:setup.py install is deprecated setup.py egg_info --egg-base ../../build/serial_manipulator build --build-base /home/lpm/ros2_kinematics/build/serial_manipulator/build install --record /home/lpm/ros2_kinematics/build/serial_manipulator/install.log --single-version-externally-managed install_data
