[1.504s] Invoking command in '/home/lpm/ros2_kinematics/src/serial_manipulator': PYTHONPATH=/home/lpm/ros2_kinematics/build/serial_manipulator/prefix_override:/home/lpm/ros2_kinematics/install/serial_manipulator/lib/python3.10/site-packages:${PYTHONPATH} /usr/bin/python3 -W ignore:setup.py install is deprecated setup.py egg_info --egg-base ../../build/serial_manipulator build --build-base /home/lpm/ros2_kinematics/build/serial_manipulator/build install --record /home/lpm/ros2_kinematics/build/serial_manipulator/install.log --single-version-externally-managed install_data
[2.046s] running egg_info
[2.048s] writing ../../build/serial_manipulator/serial_manipulator.egg-info/PKG-INFO
[2.049s] writing dependency_links to ../../build/serial_manipulator/serial_manipulator.egg-info/dependency_links.txt
[2.049s] writing entry points to ../../build/serial_manipulator/serial_manipulator.egg-info/entry_points.txt
[2.049s] writing requirements to ../../build/serial_manipulator/serial_manipulator.egg-info/requires.txt
[2.050s] writing top-level names to ../../build/serial_manipulator/serial_manipulator.egg-info/top_level.txt
[2.057s] reading manifest file '../../build/serial_manipulator/serial_manipulator.egg-info/SOURCES.txt'
[2.057s] adding license file 'LICENSE'
[2.059s] writing manifest file '../../build/serial_manipulator/serial_manipulator.egg-info/SOURCES.txt'
[2.060s] running build
[2.060s] running build_py
[2.061s] copying serial_manipulator/rr_manipulator.py -> /home/lpm/ros2_kinematics/build/serial_manipulator/build/lib/serial_manipulator
[2.061s] creating /home/lpm/ros2_kinematics/build/serial_manipulator/build/lib/serial_manipulator/submodules
[2.062s] copying serial_manipulator/submodules/__init__.py -> /home/lpm/ros2_kinematics/build/serial_manipulator/build/lib/serial_manipulator/submodules
[2.062s] copying serial_manipulator/submodules/functions.py -> /home/lpm/ros2_kinematics/build/serial_manipulator/build/lib/serial_manipulator/submodules
[2.062s] copying serial_manipulator/submodules/robo_class.py -> /home/lpm/ros2_kinematics/build/serial_manipulator/build/lib/serial_manipulator/submodules
[2.063s] running install
[2.064s] running install_lib
[2.066s] copying /home/lpm/ros2_kinematics/build/serial_manipulator/build/lib/serial_manipulator/rr_manipulator.py -> /home/lpm/ros2_kinematics/install/serial_manipulator/lib/python3.10/site-packages/serial_manipulator
[2.066s] creating /home/lpm/ros2_kinematics/install/serial_manipulator/lib/python3.10/site-packages/serial_manipulator/submodules
[2.066s] copying /home/lpm/ros2_kinematics/build/serial_manipulator/build/lib/serial_manipulator/submodules/__init__.py -> /home/lpm/ros2_kinematics/install/serial_manipulator/lib/python3.10/site-packages/serial_manipulator/submodules
[2.067s] copying /home/lpm/ros2_kinematics/build/serial_manipulator/build/lib/serial_manipulator/submodules/functions.py -> /home/lpm/ros2_kinematics/install/serial_manipulator/lib/python3.10/site-packages/serial_manipulator/submodules
[2.067s] copying /home/lpm/ros2_kinematics/build/serial_manipulator/build/lib/serial_manipulator/submodules/robo_class.py -> /home/lpm/ros2_kinematics/install/serial_manipulator/lib/python3.10/site-packages/serial_manipulator/submodules
[2.069s] byte-compiling /home/lpm/ros2_kinematics/install/serial_manipulator/lib/python3.10/site-packages/serial_manipulator/rr_manipulator.py to rr_manipulator.cpython-310.pyc
[2.071s] byte-compiling /home/lpm/ros2_kinematics/install/serial_manipulator/lib/python3.10/site-packages/serial_manipulator/submodules/__init__.py to __init__.cpython-310.pyc
[2.071s] byte-compiling /home/lpm/ros2_kinematics/install/serial_manipulator/lib/python3.10/site-packages/serial_manipulator/submodules/functions.py to functions.cpython-310.pyc
[2.073s] byte-compiling /home/lpm/ros2_kinematics/install/serial_manipulator/lib/python3.10/site-packages/serial_manipulator/submodules/robo_class.py to robo_class.cpython-310.pyc
[2.074s] running install_data
[2.075s] running install_egg_info
[2.078s] removing '/home/lpm/ros2_kinematics/install/serial_manipulator/lib/python3.10/site-packages/serial_manipulator-0.0.0-py3.10.egg-info' (and everything under it)
[2.079s] Copying ../../build/serial_manipulator/serial_manipulator.egg-info to /home/lpm/ros2_kinematics/install/serial_manipulator/lib/python3.10/site-packages/serial_manipulator-0.0.0-py3.10.egg-info
[2.081s] running install_scripts
[2.117s] Installing rr_manipulator script to /home/lpm/ros2_kinematics/install/serial_manipulator/lib/serial_manipulator
[2.119s] writing list of installed files to '/home/lpm/ros2_kinematics/build/serial_manipulator/install.log'
[2.165s] Invoked command in '/home/lpm/ros2_kinematics/src/serial_manipulator' returned '0': PYTHONPATH=/home/lpm/ros2_kinematics/build/serial_manipulator/prefix_override:/home/lpm/ros2_kinematics/install/serial_manipulator/lib/python3.10/site-packages:${PYTHONPATH} /usr/bin/python3 -W ignore:setup.py install is deprecated setup.py egg_info --egg-base ../../build/serial_manipulator build --build-base /home/lpm/ros2_kinematics/build/serial_manipulator/build install --record /home/lpm/ros2_kinematics/build/serial_manipulator/install.log --single-version-externally-managed install_data
