[1.960s] Invoking command in '/home/lpm/ros2_kinematics/src/serial_manipulator': PYTHONPATH=/home/lpm/ros2_kinematics/build/serial_manipulator/prefix_override:/home/lpm/ros2_kinematics/install/serial_manipulator/lib/python3.10/site-packages:${PYTHONPATH} /usr/bin/python3 -W ignore:setup.py install is deprecated setup.py egg_info --egg-base ../../build/serial_manipulator build --build-base /home/lpm/ros2_kinematics/build/serial_manipulator/build install --record /home/lpm/ros2_kinematics/build/serial_manipulator/install.log --single-version-externally-managed install_data
[2.505s] running egg_info
[2.507s] writing ../../build/serial_manipulator/serial_manipulator.egg-info/PKG-INFO
[2.507s] writing dependency_links to ../../build/serial_manipulator/serial_manipulator.egg-info/dependency_links.txt
[2.507s] writing entry points to ../../build/serial_manipulator/serial_manipulator.egg-info/entry_points.txt
[2.508s] writing requirements to ../../build/serial_manipulator/serial_manipulator.egg-info/requires.txt
[2.508s] writing top-level names to ../../build/serial_manipulator/serial_manipulator.egg-info/top_level.txt
[2.512s] reading manifest file '../../build/serial_manipulator/serial_manipulator.egg-info/SOURCES.txt'
[2.513s] adding license file 'LICENSE'
[2.514s] writing manifest file '../../build/serial_manipulator/serial_manipulator.egg-info/SOURCES.txt'
[2.514s] running build
[2.515s] running build_py
[2.515s] copying serial_manipulator/dynamic_manipulator.py -> /home/lpm/ros2_kinematics/build/serial_manipulator/build/lib/serial_manipulator
[2.518s] copying serial_manipulator/submodules/robo_class.py -> /home/lpm/ros2_kinematics/build/serial_manipulator/build/lib/serial_manipulator/submodules
[2.518s] running install
[2.518s] running install_lib
[2.520s] copying /home/lpm/ros2_kinematics/build/serial_manipulator/build/lib/serial_manipulator/submodules/robo_class.py -> /home/lpm/ros2_kinematics/install/serial_manipulator/lib/python3.10/site-packages/serial_manipulator/submodules
[2.520s] copying /home/lpm/ros2_kinematics/build/serial_manipulator/build/lib/serial_manipulator/dynamic_manipulator.py -> /home/lpm/ros2_kinematics/install/serial_manipulator/lib/python3.10/site-packages/serial_manipulator
[2.523s] byte-compiling /home/lpm/ros2_kinematics/install/serial_manipulator/lib/python3.10/site-packages/serial_manipulator/submodules/robo_class.py to robo_class.cpython-310.pyc
[2.525s] byte-compiling /home/lpm/ros2_kinematics/install/serial_manipulator/lib/python3.10/site-packages/serial_manipulator/dynamic_manipulator.py to dynamic_manipulator.cpython-310.pyc
[2.526s] running install_data
[2.526s] running install_egg_info
[2.530s] removing '/home/lpm/ros2_kinematics/install/serial_manipulator/lib/python3.10/site-packages/serial_manipulator-0.0.0-py3.10.egg-info' (and everything under it)
[2.531s] Copying ../../build/serial_manipulator/serial_manipulator.egg-info to /home/lpm/ros2_kinematics/install/serial_manipulator/lib/python3.10/site-packages/serial_manipulator-0.0.0-py3.10.egg-info
[2.533s] running install_scripts
[2.571s] Installing dynamic_manipulator script to /home/lpm/ros2_kinematics/install/serial_manipulator/lib/serial_manipulator
[2.572s] writing list of installed files to '/home/lpm/ros2_kinematics/build/serial_manipulator/install.log'
[2.619s] Invoked command in '/home/lpm/ros2_kinematics/src/serial_manipulator' returned '0': PYTHONPATH=/home/lpm/ros2_kinematics/build/serial_manipulator/prefix_override:/home/lpm/ros2_kinematics/install/serial_manipulator/lib/python3.10/site-packages:${PYTHONPATH} /usr/bin/python3 -W ignore:setup.py install is deprecated setup.py egg_info --egg-base ../../build/serial_manipulator build --build-base /home/lpm/ros2_kinematics/build/serial_manipulator/build install --record /home/lpm/ros2_kinematics/build/serial_manipulator/install.log --single-version-externally-managed install_data
