[1.478s] Invoking command in '/home/lpm/ros2_kinematics/src/serial_manipulator': PYTHONPATH=/home/lpm/ros2_kinematics/build/serial_manipulator/prefix_override:/home/lpm/ros2_kinematics/install/serial_manipulator/lib/python3.10/site-packages:${PYTHONPATH} /usr/bin/python3 -W ignore:setup.py install is deprecated setup.py egg_info --egg-base ../../build/serial_manipulator build --build-base /home/lpm/ros2_kinematics/build/serial_manipulator/build install --record /home/lpm/ros2_kinematics/build/serial_manipulator/install.log --single-version-externally-managed install_data
[2.072s] running egg_info
[2.074s] writing ../../build/serial_manipulator/serial_manipulator.egg-info/PKG-INFO
[2.075s] writing dependency_links to ../../build/serial_manipulator/serial_manipulator.egg-info/dependency_links.txt
[2.075s] writing entry points to ../../build/serial_manipulator/serial_manipulator.egg-info/entry_points.txt
[2.075s] writing requirements to ../../build/serial_manipulator/serial_manipulator.egg-info/requires.txt
[2.075s] writing top-level names to ../../build/serial_manipulator/serial_manipulator.egg-info/top_level.txt
[2.079s] reading manifest file '../../build/serial_manipulator/serial_manipulator.egg-info/SOURCES.txt'
[2.079s] adding license file 'LICENSE'
[2.080s] writing manifest file '../../build/serial_manipulator/serial_manipulator.egg-info/SOURCES.txt'
[2.081s] running build
[2.081s] running build_py
[2.082s] copying serial_manipulator/submodules/robo_class.py -> /home/lpm/ros2_kinematics/build/serial_manipulator/build/lib/serial_manipulator/submodules
[2.082s] running install
[2.083s] running install_lib
[2.085s] copying /home/lpm/ros2_kinematics/build/serial_manipulator/build/lib/serial_manipulator/submodules/robo_class.py -> /home/lpm/ros2_kinematics/install/serial_manipulator/lib/python3.10/site-packages/serial_manipulator/submodules
[2.087s] byte-compiling /home/lpm/ros2_kinematics/install/serial_manipulator/lib/python3.10/site-packages/serial_manipulator/submodules/robo_class.py to robo_class.cpython-310.pyc
[2.088s] running install_data
[2.089s] running install_egg_info
[2.092s] removing '/home/lpm/ros2_kinematics/install/serial_manipulator/lib/python3.10/site-packages/serial_manipulator-0.0.0-py3.10.egg-info' (and everything under it)
[2.092s] Copying ../../build/serial_manipulator/serial_manipulator.egg-info to /home/lpm/ros2_kinematics/install/serial_manipulator/lib/python3.10/site-packages/serial_manipulator-0.0.0-py3.10.egg-info
[2.094s] running install_scripts
[2.135s] Installing rr_manipulator script to /home/lpm/ros2_kinematics/install/serial_manipulator/lib/serial_manipulator
[2.136s] writing list of installed files to '/home/lpm/ros2_kinematics/build/serial_manipulator/install.log'
[2.182s] Invoked command in '/home/lpm/ros2_kinematics/src/serial_manipulator' returned '0': PYTHONPATH=/home/lpm/ros2_kinematics/build/serial_manipulator/prefix_override:/home/lpm/ros2_kinematics/install/serial_manipulator/lib/python3.10/site-packages:${PYTHONPATH} /usr/bin/python3 -W ignore:setup.py install is deprecated setup.py egg_info --egg-base ../../build/serial_manipulator build --build-base /home/lpm/ros2_kinematics/build/serial_manipulator/build install --record /home/lpm/ros2_kinematics/build/serial_manipulator/install.log --single-version-externally-managed install_data
