[0.258s] DEBUG:colcon:Command line arguments: ['/usr/bin/colcon', 'build']
[0.258s] DEBUG:colcon:Parsed command line arguments: Namespace(log_base=None, log_level=None, verb_name='build', build_base='build', install_base='install', merge_install=False, symlink_install=False, test_result_base=None, continue_on_error=False, executor='parallel', parallel_workers=4, event_handlers=None, ignore_user_meta=False, metas=['./colcon.meta'], base_paths=['.'], packages_ignore=None, packages_ignore_regex=None, paths=None, packages_up_to=None, packages_up_to_regex=None, packages_above=None, packages_above_and_dependencies=None, packages_above_depth=None, packages_select_by_dep=None, packages_skip_by_dep=None, packages_skip_up_to=None, packages_select_build_failed=False, packages_skip_build_finished=False, packages_select_test_failures=False, packages_skip_test_passed=False, packages_select=None, packages_skip=None, packages_select_regex=None, packages_skip_regex=None, packages_start=None, packages_end=None, allow_overriding=[], cmake_args=None, cmake_target=None, cmake_target_skip_unavailable=False, cmake_clean_cache=False, cmake_clean_first=False, cmake_force_configure=False, ament_cmake_args=None, catkin_cmake_args=None, catkin_skip_building_tests=False, mixin_files=None, mixin=None, verb_parser=<colcon_mixin.mixin.mixin_argument.MixinArgumentDecorator object at 0x7b146b75ca30>, verb_extension=<colcon_core.verb.build.BuildVerb object at 0x7b146b75c5b0>, main=<bound method BuildVerb.main of <colcon_core.verb.build.BuildVerb object at 0x7b146b75c5b0>>, mixin_verb=('build',))
[0.754s] Level 1:colcon.colcon_core.package_discovery:discover_packages(colcon_meta) check parameters
[0.754s] Level 1:colcon.colcon_core.package_discovery:discover_packages(recursive) check parameters
[0.755s] Level 1:colcon.colcon_core.package_discovery:discover_packages(ignore) check parameters
[0.755s] Level 1:colcon.colcon_core.package_discovery:discover_packages(path) check parameters
[0.755s] Level 1:colcon.colcon_core.package_discovery:discover_packages(colcon_meta) discover
[0.755s] Level 1:colcon.colcon_core.package_discovery:discover_packages(recursive) discover
[0.755s] INFO:colcon.colcon_core.package_discovery:Crawling recursively for packages in '/home/lpm/ros2_kinematics'
[0.755s] Level 1:colcon.colcon_core.package_identification:_identify(.) by extensions ['ignore', 'ignore_ament_install']
[0.755s] Level 1:colcon.colcon_core.package_identification:_identify(.) by extension 'ignore'
[0.756s] Level 1:colcon.colcon_core.package_identification:_identify(.) by extension 'ignore_ament_install'
[0.756s] Level 1:colcon.colcon_core.package_identification:_identify(.) by extensions ['colcon_pkg']
[0.756s] Level 1:colcon.colcon_core.package_identification:_identify(.) by extension 'colcon_pkg'
[0.756s] Level 1:colcon.colcon_core.package_identification:_identify(.) by extensions ['colcon_meta']
[0.756s] Level 1:colcon.colcon_core.package_identification:_identify(.) by extension 'colcon_meta'
[0.756s] Level 1:colcon.colcon_core.package_identification:_identify(.) by extensions ['ros']
[0.756s] Level 1:colcon.colcon_core.package_identification:_identify(.) by extension 'ros'
[0.787s] Level 1:colcon.colcon_core.package_identification:_identify(.) by extensions ['cmake', 'python']
[0.787s] Level 1:colcon.colcon_core.package_identification:_identify(.) by extension 'cmake'
[0.787s] Level 1:colcon.colcon_core.package_identification:_identify(.) by extension 'python'
[0.787s] Level 1:colcon.colcon_core.package_identification:_identify(.) by extensions ['python_setup_py']
[0.787s] Level 1:colcon.colcon_core.package_identification:_identify(.) by extension 'python_setup_py'
[0.787s] Level 1:colcon.colcon_core.package_identification:_identify(build) by extensions ['ignore', 'ignore_ament_install']
[0.787s] Level 1:colcon.colcon_core.package_identification:_identify(build) by extension 'ignore'
[0.787s] Level 1:colcon.colcon_core.package_identification:_identify(build) ignored
[0.788s] Level 1:colcon.colcon_core.package_identification:_identify(install) by extensions ['ignore', 'ignore_ament_install']
[0.788s] Level 1:colcon.colcon_core.package_identification:_identify(install) by extension 'ignore'
[0.788s] Level 1:colcon.colcon_core.package_identification:_identify(install) ignored
[0.788s] Level 1:colcon.colcon_core.package_identification:_identify(log) by extensions ['ignore', 'ignore_ament_install']
[0.789s] Level 1:colcon.colcon_core.package_identification:_identify(log) by extension 'ignore'
[0.789s] Level 1:colcon.colcon_core.package_identification:_identify(log) ignored
[0.789s] Level 1:colcon.colcon_core.package_identification:_identify(src) by extensions ['ignore', 'ignore_ament_install']
[0.789s] Level 1:colcon.colcon_core.package_identification:_identify(src) by extension 'ignore'
[0.789s] Level 1:colcon.colcon_core.package_identification:_identify(src) by extension 'ignore_ament_install'
[0.789s] Level 1:colcon.colcon_core.package_identification:_identify(src) by extensions ['colcon_pkg']
[0.789s] Level 1:colcon.colcon_core.package_identification:_identify(src) by extension 'colcon_pkg'
[0.790s] Level 1:colcon.colcon_core.package_identification:_identify(src) by extensions ['colcon_meta']
[0.790s] Level 1:colcon.colcon_core.package_identification:_identify(src) by extension 'colcon_meta'
[0.790s] Level 1:colcon.colcon_core.package_identification:_identify(src) by extensions ['ros']
[0.790s] Level 1:colcon.colcon_core.package_identification:_identify(src) by extension 'ros'
[0.790s] Level 1:colcon.colcon_core.package_identification:_identify(src) by extensions ['cmake', 'python']
[0.790s] Level 1:colcon.colcon_core.package_identification:_identify(src) by extension 'cmake'
[0.790s] Level 1:colcon.colcon_core.package_identification:_identify(src) by extension 'python'
[0.790s] Level 1:colcon.colcon_core.package_identification:_identify(src) by extensions ['python_setup_py']
[0.790s] Level 1:colcon.colcon_core.package_identification:_identify(src) by extension 'python_setup_py'
[0.791s] Level 1:colcon.colcon_core.package_identification:_identify(src/serial_manipulator) by extensions ['ignore', 'ignore_ament_install']
[0.791s] Level 1:colcon.colcon_core.package_identification:_identify(src/serial_manipulator) by extension 'ignore'
[0.791s] Level 1:colcon.colcon_core.package_identification:_identify(src/serial_manipulator) by extension 'ignore_ament_install'
[0.791s] Level 1:colcon.colcon_core.package_identification:_identify(src/serial_manipulator) by extensions ['colcon_pkg']
[0.791s] Level 1:colcon.colcon_core.package_identification:_identify(src/serial_manipulator) by extension 'colcon_pkg'
[0.792s] Level 1:colcon.colcon_core.package_identification:_identify(src/serial_manipulator) by extensions ['colcon_meta']
[0.792s] Level 1:colcon.colcon_core.package_identification:_identify(src/serial_manipulator) by extension 'colcon_meta'
[0.792s] Level 1:colcon.colcon_core.package_identification:_identify(src/serial_manipulator) by extensions ['ros']
[0.792s] Level 1:colcon.colcon_core.package_identification:_identify(src/serial_manipulator) by extension 'ros'
[0.816s] DEBUG:colcon.colcon_core.package_identification:Package 'src/serial_manipulator' with type 'ros.ament_python' and name 'serial_manipulator'
[0.816s] Level 1:colcon.colcon_core.package_discovery:discover_packages(recursive) using defaults
[0.816s] Level 1:colcon.colcon_core.package_discovery:discover_packages(ignore) discover
[0.816s] Level 1:colcon.colcon_core.package_discovery:discover_packages(ignore) using defaults
[0.816s] Level 1:colcon.colcon_core.package_discovery:discover_packages(path) discover
[0.816s] Level 1:colcon.colcon_core.package_discovery:discover_packages(path) using defaults
[0.876s] Level 1:colcon.colcon_core.package_discovery:discover_packages(prefix_path) check parameters
[0.876s] Level 1:colcon.colcon_core.package_discovery:discover_packages(prefix_path) discover
[0.908s] DEBUG:colcon.colcon_installed_package_information.package_discovery:Found 39 installed packages in /home/lpm/ros2_utilities_ws/install
[0.911s] DEBUG:colcon.colcon_installed_package_information.package_discovery:Found 291 installed packages in /opt/ros/humble
[0.917s] Level 1:colcon.colcon_core.package_discovery:discover_packages(prefix_path) using defaults
[1.062s] Level 5:colcon.colcon_core.verb:set package 'serial_manipulator' build argument 'cmake_args' from command line to 'None'
[1.062s] Level 5:colcon.colcon_core.verb:set package 'serial_manipulator' build argument 'cmake_target' from command line to 'None'
[1.063s] Level 5:colcon.colcon_core.verb:set package 'serial_manipulator' build argument 'cmake_target_skip_unavailable' from command line to 'False'
[1.063s] Level 5:colcon.colcon_core.verb:set package 'serial_manipulator' build argument 'cmake_clean_cache' from command line to 'False'
[1.063s] Level 5:colcon.colcon_core.verb:set package 'serial_manipulator' build argument 'cmake_clean_first' from command line to 'False'
[1.063s] Level 5:colcon.colcon_core.verb:set package 'serial_manipulator' build argument 'cmake_force_configure' from command line to 'False'
[1.063s] Level 5:colcon.colcon_core.verb:set package 'serial_manipulator' build argument 'ament_cmake_args' from command line to 'None'
[1.063s] Level 5:colcon.colcon_core.verb:set package 'serial_manipulator' build argument 'catkin_cmake_args' from command line to 'None'
[1.063s] Level 5:colcon.colcon_core.verb:set package 'serial_manipulator' build argument 'catkin_skip_building_tests' from command line to 'False'
[1.063s] DEBUG:colcon.colcon_core.verb:Building package 'serial_manipulator' with the following arguments: {'ament_cmake_args': None, 'build_base': '/home/lpm/ros2_kinematics/build/serial_manipulator', 'catkin_cmake_args': None, 'catkin_skip_building_tests': False, 'cmake_args': None, 'cmake_clean_cache': False, 'cmake_clean_first': False, 'cmake_force_configure': False, 'cmake_target': None, 'cmake_target_skip_unavailable': False, 'install_base': '/home/lpm/ros2_kinematics/install/serial_manipulator', 'merge_install': False, 'path': '/home/lpm/ros2_kinematics/src/serial_manipulator', 'symlink_install': False, 'test_result_base': None}
[1.063s] INFO:colcon.colcon_core.executor:Executing jobs using 'parallel' executor
[1.065s] DEBUG:colcon.colcon_parallel_executor.executor.parallel:run_until_complete
[1.065s] INFO:colcon.colcon_ros.task.ament_python.build:Building ROS package in '/home/lpm/ros2_kinematics/src/serial_manipulator' with build type 'ament_python'
[1.065s] Level 1:colcon.colcon_core.shell:create_environment_hook('serial_manipulator', 'ament_prefix_path')
[1.073s] INFO:colcon.colcon_core.plugin_system:Skipping extension 'colcon_core.shell.bat': Not used on non-Windows systems
[1.074s] INFO:colcon.colcon_core.shell:Creating environment hook '/home/lpm/ros2_kinematics/install/serial_manipulator/share/serial_manipulator/hook/ament_prefix_path.ps1'
[1.075s] INFO:colcon.colcon_core.shell:Creating environment descriptor '/home/lpm/ros2_kinematics/install/serial_manipulator/share/serial_manipulator/hook/ament_prefix_path.dsv'
[1.076s] INFO:colcon.colcon_core.shell:Creating environment hook '/home/lpm/ros2_kinematics/install/serial_manipulator/share/serial_manipulator/hook/ament_prefix_path.sh'
[1.077s] INFO:colcon.colcon_core.shell:Skip shell extension 'powershell' for command environment: Not usable outside of PowerShell
[1.078s] DEBUG:colcon.colcon_core.shell:Skip shell extension 'dsv' for command environment
[2.042s] INFO:colcon.colcon_core.task.python.build:Building Python package in '/home/lpm/ros2_kinematics/src/serial_manipulator'
[2.044s] INFO:colcon.colcon_core.shell:Skip shell extension 'powershell' for command environment: Not usable outside of PowerShell
[2.044s] DEBUG:colcon.colcon_core.shell:Skip shell extension 'dsv' for command environment
[3.026s] DEBUG:colcon.colcon_core.event_handler.log_command:Invoking command in '/home/lpm/ros2_kinematics/src/serial_manipulator': PYTHONPATH=/home/lpm/ros2_kinematics/build/serial_manipulator/prefix_override:/home/lpm/ros2_kinematics/install/serial_manipulator/lib/python3.10/site-packages:${PYTHONPATH} /usr/bin/python3 -W ignore:setup.py install is deprecated setup.py egg_info --egg-base ../../build/serial_manipulator build --build-base /home/lpm/ros2_kinematics/build/serial_manipulator/build install --record /home/lpm/ros2_kinematics/build/serial_manipulator/install.log --single-version-externally-managed install_data
[3.686s] DEBUG:colcon.colcon_core.event_handler.log_command:Invoked command in '/home/lpm/ros2_kinematics/src/serial_manipulator' returned '0': PYTHONPATH=/home/lpm/ros2_kinematics/build/serial_manipulator/prefix_override:/home/lpm/ros2_kinematics/install/serial_manipulator/lib/python3.10/site-packages:${PYTHONPATH} /usr/bin/python3 -W ignore:setup.py install is deprecated setup.py egg_info --egg-base ../../build/serial_manipulator build --build-base /home/lpm/ros2_kinematics/build/serial_manipulator/build install --record /home/lpm/ros2_kinematics/build/serial_manipulator/install.log --single-version-externally-managed install_data
[3.714s] Level 1:colcon.colcon_core.environment:checking '/home/lpm/ros2_kinematics/install/serial_manipulator' for CMake module files
[3.716s] Level 1:colcon.colcon_core.environment:checking '/home/lpm/ros2_kinematics/install/serial_manipulator' for CMake config files
[3.719s] Level 1:colcon.colcon_core.environment:checking '/home/lpm/ros2_kinematics/install/serial_manipulator/lib'
[3.720s] Level 1:colcon.colcon_core.environment:checking '/home/lpm/ros2_kinematics/install/serial_manipulator/bin'
[3.720s] Level 1:colcon.colcon_core.environment:checking '/home/lpm/ros2_kinematics/install/serial_manipulator/lib/pkgconfig/serial_manipulator.pc'
[3.721s] Level 1:colcon.colcon_core.environment:checking '/home/lpm/ros2_kinematics/install/serial_manipulator/lib/python3.10/site-packages'
[3.721s] Level 1:colcon.colcon_core.shell:create_environment_hook('serial_manipulator', 'pythonpath')
[3.721s] INFO:colcon.colcon_core.shell:Creating environment hook '/home/lpm/ros2_kinematics/install/serial_manipulator/share/serial_manipulator/hook/pythonpath.ps1'
[3.722s] INFO:colcon.colcon_core.shell:Creating environment descriptor '/home/lpm/ros2_kinematics/install/serial_manipulator/share/serial_manipulator/hook/pythonpath.dsv'
[3.723s] INFO:colcon.colcon_core.shell:Creating environment hook '/home/lpm/ros2_kinematics/install/serial_manipulator/share/serial_manipulator/hook/pythonpath.sh'
[3.724s] Level 1:colcon.colcon_core.environment:checking '/home/lpm/ros2_kinematics/install/serial_manipulator/bin'
[3.724s] Level 1:colcon.colcon_core.environment:create_environment_scripts_only(serial_manipulator)
[3.725s] INFO:colcon.colcon_core.shell:Creating package script '/home/lpm/ros2_kinematics/install/serial_manipulator/share/serial_manipulator/package.ps1'
[3.727s] INFO:colcon.colcon_core.shell:Creating package descriptor '/home/lpm/ros2_kinematics/install/serial_manipulator/share/serial_manipulator/package.dsv'
[3.728s] INFO:colcon.colcon_core.shell:Creating package script '/home/lpm/ros2_kinematics/install/serial_manipulator/share/serial_manipulator/package.sh'
[3.732s] INFO:colcon.colcon_core.shell:Creating package script '/home/lpm/ros2_kinematics/install/serial_manipulator/share/serial_manipulator/package.bash'
[3.737s] INFO:colcon.colcon_core.shell:Creating package script '/home/lpm/ros2_kinematics/install/serial_manipulator/share/serial_manipulator/package.zsh'
[3.739s] Level 1:colcon.colcon_core.environment:create_file_with_runtime_dependencies(/home/lpm/ros2_kinematics/install/serial_manipulator/share/colcon-core/packages/serial_manipulator)
[3.740s] DEBUG:colcon.colcon_parallel_executor.executor.parallel:closing loop
[3.741s] DEBUG:colcon.colcon_parallel_executor.executor.parallel:loop closed
[3.741s] DEBUG:colcon.colcon_parallel_executor.executor.parallel:run_until_complete finished with '0'
[3.741s] DEBUG:colcon.colcon_core.event_reactor:joining thread
[3.775s] INFO:colcon.colcon_core.plugin_system:Skipping extension 'colcon_notification.desktop_notification.terminal_notifier': Not used on non-Darwin systems
[3.776s] INFO:colcon.colcon_core.plugin_system:Skipping extension 'colcon_notification.desktop_notification.win32': Not used on non-Windows systems
[3.776s] INFO:colcon.colcon_notification.desktop_notification:Sending desktop notification using 'notify2'
[3.818s] DEBUG:colcon.colcon_core.event_reactor:joined thread
[3.819s] INFO:colcon.colcon_core.shell:Creating prefix script '/home/lpm/ros2_kinematics/install/local_setup.ps1'
[3.822s] INFO:colcon.colcon_core.shell:Creating prefix util module '/home/lpm/ros2_kinematics/install/_local_setup_util_ps1.py'
[3.826s] INFO:colcon.colcon_core.shell:Creating prefix chain script '/home/lpm/ros2_kinematics/install/setup.ps1'
[3.837s] INFO:colcon.colcon_core.shell:Creating prefix script '/home/lpm/ros2_kinematics/install/local_setup.sh'
[3.840s] INFO:colcon.colcon_core.shell:Creating prefix util module '/home/lpm/ros2_kinematics/install/_local_setup_util_sh.py'
[3.841s] INFO:colcon.colcon_core.shell:Creating prefix chain script '/home/lpm/ros2_kinematics/install/setup.sh'
[3.850s] INFO:colcon.colcon_core.shell:Creating prefix script '/home/lpm/ros2_kinematics/install/local_setup.bash'
[3.851s] INFO:colcon.colcon_core.shell:Creating prefix chain script '/home/lpm/ros2_kinematics/install/setup.bash'
[3.861s] INFO:colcon.colcon_core.shell:Creating prefix script '/home/lpm/ros2_kinematics/install/local_setup.zsh'
[3.864s] INFO:colcon.colcon_core.shell:Creating prefix chain script '/home/lpm/ros2_kinematics/install/setup.zsh'
