/home/lpm/ros2_kinematics/install/serial_manipulator/lib/python3.10/site-packages/serial_manipulator/__init__.py
/home/lpm/ros2_kinematics/install/serial_manipulator/lib/python3.10/site-packages/serial_manipulator/dynamic_manipulator.py
/home/lpm/ros2_kinematics/install/serial_manipulator/lib/python3.10/site-packages/serial_manipulator/submodules/__init__.py
/home/lpm/ros2_kinematics/install/serial_manipulator/lib/python3.10/site-packages/serial_manipulator/submodules/functions.py
/home/lpm/ros2_kinematics/install/serial_manipulator/lib/python3.10/site-packages/serial_manipulator/submodules/robo_class.py
/home/lpm/ros2_kinematics/install/serial_manipulator/lib/python3.10/site-packages/serial_manipulator/__pycache__/__init__.cpython-310.pyc
/home/lpm/ros2_kinematics/install/serial_manipulator/lib/python3.10/site-packages/serial_manipulator/__pycache__/dynamic_manipulator.cpython-310.pyc
/home/lpm/ros2_kinematics/install/serial_manipulator/lib/python3.10/site-packages/serial_manipulator/submodules/__pycache__/__init__.cpython-310.pyc
/home/lpm/ros2_kinematics/install/serial_manipulator/lib/python3.10/site-packages/serial_manipulator/submodules/__pycache__/functions.cpython-310.pyc
/home/lpm/ros2_kinematics/install/serial_manipulator/lib/python3.10/site-packages/serial_manipulator/submodules/__pycache__/robo_class.cpython-310.pyc
/home/lpm/ros2_kinematics/install/serial_manipulator/share/ament_index/resource_index/packages/serial_manipulator
/home/lpm/ros2_kinematics/install/serial_manipulator/share/serial_manipulator/package.xml
/home/lpm/ros2_kinematics/install/serial_manipulator/lib/python3.10/site-packages/serial_manipulator-0.0.0-py3.10.egg-info/SOURCES.txt
/home/lpm/ros2_kinematics/install/serial_manipulator/lib/python3.10/site-packages/serial_manipulator-0.0.0-py3.10.egg-info/dependency_links.txt
/home/lpm/ros2_kinematics/install/serial_manipulator/lib/python3.10/site-packages/serial_manipulator-0.0.0-py3.10.egg-info/zip-safe
/home/lpm/ros2_kinematics/install/serial_manipulator/lib/python3.10/site-packages/serial_manipulator-0.0.0-py3.10.egg-info/requires.txt
/home/lpm/ros2_kinematics/install/serial_manipulator/lib/python3.10/site-packages/serial_manipulator-0.0.0-py3.10.egg-info/top_level.txt
/home/lpm/ros2_kinematics/install/serial_manipulator/lib/python3.10/site-packages/serial_manipulator-0.0.0-py3.10.egg-info/PKG-INFO
/home/lpm/ros2_kinematics/install/serial_manipulator/lib/python3.10/site-packages/serial_manipulator-0.0.0-py3.10.egg-info/entry_points.txt
/home/lpm/ros2_kinematics/install/serial_manipulator/lib/serial_manipulator/dynamic_manipulator
